<?xml version="1.0" encoding="utf-8"?><testsuites name="pytest tests"><testsuite name="pytest" errors="0" failures="1" skipped="0" tests="69" time="70.076" timestamp="2026-08-12T10:11:57.276685+00:00" hostname="agent-env-24d20113-56d6-44f2-8d3b-e19ff1fe0ab5"><testcase classname="tests.test_auth.TestSessionEndpoints" name="test_me_requires_auth" time="0.179" /><testcase classname="tests.test_tables.TestJoinLeave" name="test_join_requires_auth" time="0.508" /><testcase classname="tests.test_auth.TestSessionEndpoints" name="test_me_with_bearer_header" time="0.420" /><testcase classname="tests.test_tables.TestJoinLeave" name="test_join_unknown_table" time="0.571" /><testcase classname="tests.test_auth.TestSessionEndpoints" name="test_ws_token" time="0.531" /><testcase classname="tests.test_auth.TestSessionEndpoints" name="test_ws_token_unauthenticated" time="0.269" /><testcase classname="tests.test_tables.TestJoinLeave" name="test_join_buy_in_below_min" time="0.651" /><testcase classname="tests.test_auth.TestSessionEndpoints" name="test_refresh" time="0.673" /><testcase classname="tests.test_auth.TestSessionEndpoints" name="test_refresh_without_cookie" time="0.096" /><testcase classname="tests.test_tables.TestJoinLeave" name="test_join_buy_in_above_max" time="0.594" /><testcase classname="tests.test_auth.TestSessionEndpoints" name="test_invalid_token_rejected" time="0.121" /><testcase classname="tests.test_auth.TestSessionEndpoints" name="test_logout_clears_session" time="0.641" /><testcase classname="tests.test_tables.TestJoinLeave" name="test_join_zero_buy_in_validation" time="0.945" /><testcase classname="tests.test_poker_engine.TestEvaluator" name="test_category_ordering" time="0.000" /><testcase classname="tests.test_poker_engine.TestEvaluator" name="test_wheel_straight" time="0.000" /><testcase classname="tests.test_poker_engine.TestEvaluator" name="test_wheel_loses_to_six_high_straight" time="0.000" /><testcase classname="tests.test_poker_engine.TestEvaluator" name="test_best_hand_from_seven" time="0.000" /><testcase classname="tests.test_poker_engine.TestEvaluator" name="test_flush_kicker_comparison" time="0.000" /><testcase classname="tests.test_poker_engine.TestEvaluator" name="test_two_pair_kicker" time="0.000" /><testcase classname="tests.test_poker_engine.TestEvaluator" name="test_royal_beats_quads_from_seven" time="0.000" /><testcase classname="tests.test_poker_engine.TestBettingFlow" name="test_blinds_and_deal" time="0.000" /><testcase classname="tests.test_poker_engine.TestBettingFlow" name="test_uncontested_fold_awards_pot" time="0.000" /><testcase classname="tests.test_poker_engine.TestBettingFlow" name="test_big_blind_gets_option_to_raise_preflop" time="0.000" /><testcase classname="tests.test_poker_engine.TestBettingFlow" name="test_full_hand_to_showdown" time="0.001" /><testcase classname="tests.test_poker_engine.TestBettingFlow" name="test_min_raise_enforced" time="0.000" /><testcase classname="tests.test_poker_engine.TestBettingFlow" name="test_act_out_of_turn_rejected" time="0.000" /><testcase classname="tests.test_poker_engine.TestBettingFlow" name="test_new_hand_can_start_after_previous_ends" time="0.000" /><testcase classname="tests.test_auth.TestRegister" name="test_register_success_sets_cookies_and_bankroll" time="0.372" /><testcase classname="tests.test_auth.TestRegister" name="test_register_duplicate_email" time="0.651" /><testcase classname="tests.test_tables.TestJoinLeave" name="test_double_join_rejected" time="0.747" /><testcase classname="tests.test_auth.TestRegister" name="test_register_duplicate_username" time="0.578" /><testcase classname="tests.test_tables.TestJoinLeave" name="test_insufficient_bankroll" time="2.061" /><testcase classname="tests.test_auth.TestRegister" name="test_register_short_password" time="0.093" /><testcase classname="tests.test_auth.TestRegister" name="test_register_invalid_email" time="0.095" /><testcase classname="tests.test_admin.TestAdminRBAC" name="test_stats_requires_auth" time="0.092" /><testcase classname="tests.test_admin.TestAdminRBAC" name="test_stats_forbidden_for_normal_user" time="0.407" /><testcase classname="tests.test_admin.TestAdminRBAC" name="test_users_forbidden_for_normal_user" time="0.380" /><testcase classname="tests.test_admin.TestAdminRBAC" name="test_bankroll_forbidden_for_normal_user" time="0.373" /><testcase classname="tests.test_admin.TestAdminEndpoints" name="test_stats" time="0.575" /><testcase classname="tests.test_tables.TestJoinLeave" name="test_join_deducts_and_leave_returns_bankroll" time="1.284" /><testcase classname="tests.test_admin.TestAdminEndpoints" name="test_users_list_hides_secrets" time="0.479" /><testcase classname="tests.test_tables.TestJoinLeave" name="test_leave_when_not_seated" time="0.619" /><testcase classname="tests.test_admin.TestAdminEndpoints" name="test_bankroll_adjust_persists" time="1.456" /><testcase classname="tests.test_tables.TestJoinLeave" name="test_leave_unknown_table" time="0.372" /><testcase classname="tests.test_poker_engine.TestDeck" name="test_52_unique_cards" time="0.000" /><testcase classname="tests.test_poker_engine.TestDeck" name="test_draw_removes_cards" time="0.000" /><testcase classname="tests.test_poker_engine.TestDeck" name="test_shuffle_randomises" time="0.000" /><testcase classname="tests.test_ws_gameplay.TestWebSocketAuth" name="test_ws_rejects_invalid_token" time="0.500" /><testcase classname="tests.test_admin.TestAdminEndpoints" name="test_bankroll_unknown_user" time="0.375" /><testcase classname="tests.test_ws_gameplay.TestWebSocketAuth" name="test_ws_missing_token_rejected" time="0.359" /><testcase classname="tests.test_auth.TestLogin" name="test_admin_login" time="0.384" /><testcase classname="tests.test_ws_gameplay.TestWebSocketAuth" name="test_ws_unknown_table" time="0.716" /><testcase classname="tests.test_auth.TestLogin" name="test_login_wrong_password" time="0.508" /><testcase classname="tests.test_auth.TestLogin" name="test_login_unknown_email" time="0.099" /><testcase classname="tests.test_auth.TestLogin" name="test_bruteforce_lockout_after_5_failures" time="2.510" /><testcase classname="tests.test_health" name="test_health" time="0.268" /><testcase classname="tests.test_health" name="test_cors_allows_credentials_with_explicit_origin" time="0.138"><failure message="AssertionError: CORS misconfigured: ACAO=* with ACAC=true - browsers reject wildcard origin when credentials are used&#10;assert not ('*' == '*'&#10;  &#10;    * and 'true' == 'true'&#10;  &#10;    true)">E   AssertionError: CORS misconfigured: ACAO=* with ACAC=true - browsers reject wildcard origin when credentials are used
    assert not ('*' == '*'
      
        * and 'true' == 'true'
      
        true)</failure></testcase><testcase classname="tests.test_tables.TestTableList" name="test_list_tables_public" time="0.224" /><testcase classname="tests.test_tables.TestTableList" name="test_table_shape_and_no_mongo_id" time="0.093" /><testcase classname="tests.test_tables.TestHandHistory" name="test_hands_mine_requires_auth" time="0.268" /><testcase classname="tests.test_tables.TestHandHistory" name="test_hands_mine_returns_list" time="0.551" /><testcase classname="tests.test_bcrypt_and_seed" name="test_admin_seeded_with_bcrypt_2b_hash" time="0.009" /><testcase classname="tests.test_midhand_join" name="test_player_seated_midhand_is_not_dealt_into_current_hand" time="0.001" /><testcase classname="tests.test_poker_engine.TestSidePots" name="test_three_way_two_all_ins_side_pot_distribution" time="0.001" /><testcase classname="tests.test_ws_gameplay.TestTwoPlayerHand" name="test_two_player_hand_plays_to_completion" time="40.888" /><testcase classname="tests.test_table_runtime" name="test_post_action_flow_does_not_deadlock_table_lock" time="0.001" /><testcase classname="tests.test_table_runtime" name="test_new_hand_starts_after_hand_ends" time="0.001" /><testcase classname="tests.test_ws_gameplay.TestFoldAndRaiseRules" name="test_raise_validation_and_fold_ends_hand" time="13.163" /><testcase classname="tests.test_ws_gameplay.TestReconnect" name="test_reconnect_restores_seat_and_hole_cards" time="3.710" /></testsuite></testsuites>